2025-12-22 23:33:56,501 - INFO - ======================================================================
2025-12-22 23:33:56,502 - INFO - Starting Ilboursa Historical Scraper (2023-2025)
2025-12-22 23:33:56,502 - INFO - ======================================================================
2025-12-22 23:33:56,502 - INFO - Target: 90 stocks
2025-12-22 23:33:56,502 - INFO - Target period: 2023-01-01 to 2025-12-21
2025-12-22 23:33:56,502 - INFO - Expected data points: ~750 trading days × 90 stocks = 67,500 records
2025-12-22 23:33:56,502 - INFO - [ 1/90] Scraping ADWYA...
2025-12-22 23:33:58,282 - WARNING -   No data retrieved for ADWYA
2025-12-22 23:33:59,284 - INFO - [ 2/90] Scraping AETEC...
2025-12-22 23:34:00,962 - WARNING -   No data retrieved for AETEC
2025-12-22 23:34:01,963 - INFO - [ 3/90] Scraping AL...
2025-12-22 23:34:03,636 - WARNING -   No data retrieved for AL
2025-12-22 23:34:04,636 - INFO - [ 4/90] Scraping AB...
2025-12-22 23:34:06,414 - WARNING -   No data retrieved for AB
2025-12-22 23:34:07,415 - INFO - [ 5/90] Scraping AMS...
2025-12-22 23:34:09,064 - WARNING -   No data retrieved for AMS
2025-12-22 23:34:10,065 - INFO - [ 6/90] Scraping ATB...
2025-12-22 23:34:11,778 - WARNING -   No data retrieved for ATB
2025-12-22 23:34:12,779 - INFO - [ 7/90] Scraping ATL...
2025-12-22 23:34:14,513 - WARNING -   No data retrieved for ATL
2025-12-22 23:34:15,514 - INFO - [ 8/90] Scraping ARTES...
2025-12-22 23:34:17,245 - WARNING -   No data retrieved for ARTES
2025-12-22 23:34:18,246 - INFO - [ 9/90] Scraping ASSAD...
2025-12-22 23:34:19,931 - WARNING -   No data retrieved for ASSAD
2025-12-22 23:34:20,932 - INFO - [10/90] Scraping ASSMA...
2025-12-22 23:34:22,563 - WARNING -   No data retrieved for ASSMA
2025-12-22 23:34:23,564 - INFO - [11/90] Scraping AST...
2025-12-22 23:34:25,265 - WARNING -   No data retrieved for AST
2025-12-22 23:34:26,265 - INFO - [12/90] Scraping TJARI...
2025-12-22 23:34:27,940 - WARNING -   No data retrieved for TJARI
2025-12-22 23:34:28,941 - INFO - [13/90] Scraping TJL...
2025-12-22 23:34:30,672 - WARNING -   No data retrieved for TJL
2025-12-22 23:34:31,672 - INFO - [14/90] Scraping BT...
2025-12-22 23:34:33,403 - WARNING -   No data retrieved for BT
2025-12-22 23:34:34,404 - INFO - [15/90] Scraping BNA...
2025-12-22 23:34:36,133 - WARNING -   No data retrieved for BNA
2025-12-22 23:34:37,134 - INFO - [16/90] Scraping BL...
2025-12-22 23:34:38,874 - WARNING -   No data retrieved for BL
2025-12-22 23:34:39,875 - INFO - [17/90] Scraping BHASS...
2025-12-22 23:34:41,509 - WARNING -   No data retrieved for BHASS
2025-12-22 23:34:42,510 - INFO - [18/90] Scraping BH...
2025-12-22 23:34:44,195 - WARNING -   No data retrieved for BH
2025-12-22 23:34:45,196 - INFO - [19/90] Scraping BHL...
2025-12-22 23:34:46,789 - WARNING -   No data retrieved for BHL
2025-12-22 23:34:47,789 - INFO - [20/90] Scraping BIAT...
2025-12-22 23:34:49,493 - WARNING -   No data retrieved for BIAT
2025-12-22 23:34:50,494 - INFO - [21/90] Scraping BNASS...
2025-12-22 23:34:52,208 - WARNING -   No data retrieved for BNASS
2025-12-22 23:34:53,209 - INFO - [22/90] Scraping BTE...
2025-12-22 23:34:54,954 - WARNING -   No data retrieved for BTE
2025-12-22 23:34:55,955 - INFO - [23/90] Scraping CC...
2025-12-22 23:34:57,686 - WARNING -   No data retrieved for CC
2025-12-22 23:34:58,686 - INFO - [24/90] Scraping CELL...
2025-12-22 23:35:00,361 - WARNING -   No data retrieved for CELL
2025-12-22 23:35:01,362 - INFO - [25/90] Scraping CREAL...
2025-12-22 23:35:02,986 - WARNING -   No data retrieved for CREAL
2025-12-22 23:35:03,987 - INFO - [26/90] Scraping CIL...
2025-12-22 23:35:05,679 - WARNING -   No data retrieved for CIL
2025-12-22 23:35:06,680 - INFO - [27/90] Scraping SCB...
2025-12-22 23:35:08,345 - WARNING -   No data retrieved for SCB
2025-12-22 23:35:09,346 - INFO - [28/90] Scraping CITY...
2025-12-22 23:35:11,027 - WARNING -   No data retrieved for CITY
2025-12-22 23:35:12,027 - INFO - [29/90] Scraping DH...
2025-12-22 23:35:13,693 - WARNING -   No data retrieved for DH
2025-12-22 23:35:14,693 - INFO - [30/90] Scraping ELBEN...
2025-12-22 23:35:16,408 - WARNING -   No data retrieved for ELBEN
2025-12-22 23:35:17,409 - INFO - [31/90] Scraping LSTR...
2025-12-22 23:35:19,113 - WARNING -   No data retrieved for LSTR
2025-12-22 23:35:20,113 - INFO - [32/90] Scraping NAKL...
2025-12-22 23:35:21,952 - WARNING -   No data retrieved for NAKL
2025-12-22 23:35:22,953 - INFO - [33/90] Scraping SOKNA...
2025-12-22 23:35:24,699 - WARNING -   No data retrieved for SOKNA
2025-12-22 23:35:25,700 - INFO - [34/90] Scraping ECYCL...
2025-12-22 23:35:27,498 - WARNING -   No data retrieved for ECYCL
2025-12-22 23:35:28,498 - INFO - [35/90] Scraping GIF...
2025-12-22 23:35:30,299 - WARNING -   No data retrieved for GIF
2025-12-22 23:35:31,300 - INFO - [36/90] Scraping HL...
2025-12-22 23:35:33,063 - WARNING -   No data retrieved for HL
2025-12-22 23:35:34,063 - INFO - [37/90] Scraping XABYT...
2025-12-22 23:35:35,759 - WARNING -   No data retrieved for XABYT
2025-12-22 23:35:36,760 - INFO - [38/90] Scraping ICF...
2025-12-22 23:35:38,664 - WARNING -   No data retrieved for ICF
2025-12-22 23:35:39,665 - INFO - [39/90] Scraping LNDOR...
2025-12-22 23:35:41,339 - WARNING -   No data retrieved for LNDOR
2025-12-22 23:35:42,340 - INFO - [40/90] Scraping MAG...
2025-12-22 23:35:44,050 - WARNING -   No data retrieved for MAG
2025-12-22 23:35:45,050 - INFO - [41/90] Scraping AMV...
2025-12-22 23:35:46,779 - WARNING -   No data retrieved for AMV
2025-12-22 23:35:47,779 - INFO - [42/90] Scraping SAM...
2025-12-22 23:35:49,500 - WARNING -   No data retrieved for SAM
2025-12-22 23:35:50,501 - INFO - [43/90] Scraping MIP...
2025-12-22 23:35:52,182 - WARNING -   No data retrieved for MIP
2025-12-22 23:35:53,182 - INFO - [44/90] Scraping MNP...
2025-12-22 23:35:54,892 - WARNING -   No data retrieved for MNP
2025-12-22 23:35:55,893 - INFO - [45/90] Scraping MPBS...
2025-12-22 23:35:57,653 - WARNING -   No data retrieved for MPBS
2025-12-22 23:35:58,653 - INFO - [46/90] Scraping NBL...
2025-12-22 23:36:00,358 - WARNING -   No data retrieved for NBL
2025-12-22 23:36:01,359 - INFO - [47/90] Scraping PLAST...
2025-12-22 23:36:03,090 - WARNING -   No data retrieved for PLAST
2025-12-22 23:36:04,091 - INFO - [48/90] Scraping OTH...
2025-12-22 23:36:05,779 - WARNING -   No data retrieved for OTH
2025-12-22 23:36:06,780 - INFO - [49/90] Scraping PLTU...
2025-12-22 23:36:08,439 - WARNING -   No data retrieved for PLTU
2025-12-22 23:36:09,440 - INFO - [50/90] Scraping PGH...
2025-12-22 23:36:11,152 - WARNING -   No data retrieved for PGH
2025-12-22 23:36:12,152 - INFO - [51/90] Scraping SAH...
2025-12-22 23:36:13,885 - WARNING -   No data retrieved for SAH
2025-12-22 23:36:14,886 - INFO - [52/90] Scraping SMD...
2025-12-22 23:36:16,813 - WARNING -   No data retrieved for SMD
2025-12-22 23:36:17,813 - INFO - [53/90] Scraping SERVI...
2025-12-22 23:36:19,529 - WARNING -   No data retrieved for SERVI
2025-12-22 23:36:20,530 - INFO - [54/90] Scraping SFBT...
2025-12-22 23:36:22,218 - WARNING -   No data retrieved for SFBT
2025-12-22 23:36:23,219 - INFO - [55/90] Scraping SIAME...
2025-12-22 23:36:24,969 - WARNING -   No data retrieved for SIAME
2025-12-22 23:36:25,970 - INFO - [56/90] Scraping SIMPA...
2025-12-22 23:36:27,723 - WARNING -   No data retrieved for SIMPA
2025-12-22 23:36:28,724 - INFO - [57/90] Scraping SIPHA...
2025-12-22 23:36:30,377 - WARNING -   No data retrieved for SIPHA
2025-12-22 23:36:31,378 - INFO - [58/90] Scraping SITS...
2025-12-22 23:36:33,075 - WARNING -   No data retrieved for SITS
2025-12-22 23:36:34,076 - INFO - [59/90] Scraping SMART...
2025-12-22 23:36:35,837 - WARNING -   No data retrieved for SMART
2025-12-22 23:36:36,838 - INFO - [60/90] Scraping ALKIM...
2025-12-22 23:36:38,584 - WARNING -   No data retrieved for ALKIM
2025-12-22 23:36:39,585 - INFO - [61/90] Scraping SOMOC...
2025-12-22 23:36:41,272 - WARNING -   No data retrieved for SOMOC
2025-12-22 23:36:42,273 - INFO - [62/90] Scraping SOPAT...
2025-12-22 23:36:43,947 - WARNING -   No data retrieved for SOPAT
2025-12-22 23:36:44,948 - INFO - [63/90] Scraping SOTEM...
